
> vortex@0.1.0 dev
> next dev

Γû▓ Next.js 16.1.6 (Turbopack)
- Local:         http://localhost:3000
- Network:       http://172.16.0.2:3000
- Environments: .env.local

Γ£ô Starting...
Γ£ô Ready in 832ms
 GET / 200 in 711ms (compile: 567ms, render: 143ms)
Processing request...
Processing File: dummy.txt
Loaded 1 documents
Split into 1 chunks
Adding to vector store...
Error: A dynamic link library (DLL) initialization routine failed.

\\?\C:\Users\ankus\Desktop\vortex\node_modules\@huggingface\transformers\node_modules\onnxruntime-node\bin\napi-v3\win32\x64\onnxruntime_binding.node
    at Object..node (node:internal/modules/cjs/loader:1920:18)
    at Module.load (node:internal/modules/cjs/loader:1481:32)
    at Module._load (node:internal/modules/cjs/loader:1300:12)
    at TracingChannel.traceSync (node:diagnostics_channel:328:14)
    at wrapModuleLoad (node:internal/modules/cjs/loader:245:24)
    at Module.<anonymous> (node:internal/modules/cjs/loader:1504:12)
    at mod.require (C:\Users\ankus\Desktop\vortex\node_modules\next\dist\server\require-hook.js:68:28)
    at require (node:internal/modules/helpers:152:16)
    at Object.<anonymous> (C:\Users\ankus\Desktop\vortex\node_modules\@huggingface\transformers\node_modules\onnxruntime-node\dist\binding.js:10:1)
    at Module._compile (node:internal/modules/cjs/loader:1761:14)
    at Object..js (node:internal/modules/cjs/loader:1893:10)
    at Module.load (node:internal/modules/cjs/loader:1481:32)
    at Module._load (node:internal/modules/cjs/loader:1300:12)
    at TracingChannel.traceSync (node:diagnostics_channel:328:14)
    at wrapModuleLoad (node:internal/modules/cjs/loader:245:24)
    at Module.<anonymous> (node:internal/modules/cjs/loader:1504:12)
    at mod.require (C:\Users\ankus\Desktop\vortex\node_modules\next\dist\server\require-hook.js:68:28)
    at require (node:internal/modules/helpers:152:16)
    at Object.<anonymous> (C:\Users\ankus\Desktop\vortex\node_modules\@huggingface\transformers\node_modules\onnxruntime-node\dist\backend.js:18:19)
    at Module._compile (node:internal/modules/cjs/loader:1761:14)
    at Object..js (node:internal/modules/cjs/loader:1893:10)
    at Module.load (node:internal/modules/cjs/loader:1481:32)
    at Module._load (node:internal/modules/cjs/loader:1300:12)
    at TracingChannel.traceSync (node:diagnostics_channel:328:14)
    at wrapModuleLoad (node:internal/modules/cjs/loader:245:24)
    at Module.<anonymous> (node:internal/modules/cjs/loader:1504:12)
    at mod.require (C:\Users\ankus\Desktop\vortex\node_modules\next\dist\server\require-hook.js:68:28)
    at require (node:internal/modules/helpers:152:16)
    at Object.<anonymous> (C:\Users\ankus\Desktop\vortex\node_modules\@huggingface\transformers\node_modules\onnxruntime-node\dist\index.js:21:17)
    at Module._compile (node:internal/modules/cjs/loader:1761:14)
    at Object..js (node:internal/modules/cjs/loader:1893:10)
    at Module.load (node:internal/modules/cjs/loader:1481:32)
    at Module._load (node:internal/modules/cjs/loader:1300:12)
    at TracingChannel.traceSync (node:diagnostics_channel:328:14)
    at wrapModuleLoad (node:internal/modules/cjs/loader:245:24)
    at loadCJSModuleWithModuleLoad (node:internal/modules/esm/translators:339:3)
    at ModuleWrap.<anonymous> (node:internal/modules/esm/translators:242:7)
    at ModuleJob.run (node:internal/modules/esm/module_job:413:25)
    at process.processTicksAndRejections (node:internal/process/task_queues:103:5)
    at async onImport.tracePromise.__proto__ (node:internal/modules/esm/loader:660:26)
    at async Context.externalImport [as y] (C:\Users\ankus\Desktop\vortex\.next\dev\server\chunks\[turbopack]_runtime.js:512:15)
    at async C:\Users\ankus\Desktop\vortex\.next\dev\server\chunks\[externals]_@huggingface_transformers_118b758d._.js:7:13
[?25h
